  consoleUI.cpp
C:\Users\seamu\OneDrive\Documents\uni\Year2\EE273\todomanager\todomanager\task.h(11,9): error C3646: 'getName': unknown override specifier
C:\Users\seamu\OneDrive\Documents\uni\Year2\EE273\todomanager\todomanager\task.h(11,16): error C2059: syntax error: '('
C:\Users\seamu\OneDrive\Documents\uni\Year2\EE273\todomanager\todomanager\task.h(11,18): error C2238: unexpected token(s) preceding ';'
C:\Users\seamu\OneDrive\Documents\uni\Year2\EE273\todomanager\todomanager\task.h(12,9): error C3646: 'getNote': unknown override specifier
C:\Users\seamu\OneDrive\Documents\uni\Year2\EE273\todomanager\todomanager\task.h(12,16): error C2059: syntax error: '('
C:\Users\seamu\OneDrive\Documents\uni\Year2\EE273\todomanager\todomanager\task.h(12,18): error C2238: unexpected token(s) preceding ';'
C:\Users\seamu\OneDrive\Documents\uni\Year2\EE273\todomanager\todomanager\task.h(15,9): error C3646: 'getLocation': unknown override specifier
C:\Users\seamu\OneDrive\Documents\uni\Year2\EE273\todomanager\todomanager\task.h(15,20): error C2059: syntax error: '('
C:\Users\seamu\OneDrive\Documents\uni\Year2\EE273\todomanager\todomanager\task.h(15,22): error C2238: unexpected token(s) preceding ';'
C:\Users\seamu\OneDrive\Documents\uni\Year2\EE273\todomanager\todomanager\task.h(16,9): error C3646: 'getSubject': unknown override specifier
C:\Users\seamu\OneDrive\Documents\uni\Year2\EE273\todomanager\todomanager\task.h(16,19): error C2059: syntax error: '('
C:\Users\seamu\OneDrive\Documents\uni\Year2\EE273\todomanager\todomanager\task.h(16,21): error C2238: unexpected token(s) preceding ';'
C:\Users\seamu\OneDrive\Documents\uni\Year2\EE273\todomanager\todomanager\task.h(20,9): error C3646: 'setName': unknown override specifier
C:\Users\seamu\OneDrive\Documents\uni\Year2\EE273\todomanager\todomanager\task.h(20,16): error C2059: syntax error: '('
C:\Users\seamu\OneDrive\Documents\uni\Year2\EE273\todomanager\todomanager\task.h(20,29): error C2238: unexpected token(s) preceding ';'
C:\Users\seamu\OneDrive\Documents\uni\Year2\EE273\todomanager\todomanager\task.h(21,9): error C3646: 'setNote': unknown override specifier
C:\Users\seamu\OneDrive\Documents\uni\Year2\EE273\todomanager\todomanager\task.h(21,16): error C2059: syntax error: '('
C:\Users\seamu\OneDrive\Documents\uni\Year2\EE273\todomanager\todomanager\task.h(21,29): error C2238: unexpected token(s) preceding ';'
C:\Users\seamu\OneDrive\Documents\uni\Year2\EE273\todomanager\todomanager\task.h(24,9): error C3646: 'setLocation': unknown override specifier
C:\Users\seamu\OneDrive\Documents\uni\Year2\EE273\todomanager\todomanager\task.h(24,20): error C2059: syntax error: '('
C:\Users\seamu\OneDrive\Documents\uni\Year2\EE273\todomanager\todomanager\task.h(24,37): error C2238: unexpected token(s) preceding ';'
C:\Users\seamu\OneDrive\Documents\uni\Year2\EE273\todomanager\todomanager\task.h(25,9): error C3646: 'setSubject': unknown override specifier
C:\Users\seamu\OneDrive\Documents\uni\Year2\EE273\todomanager\todomanager\task.h(25,19): error C2059: syntax error: '('
C:\Users\seamu\OneDrive\Documents\uni\Year2\EE273\todomanager\todomanager\task.h(25,35): error C2238: unexpected token(s) preceding ';'
C:\Users\seamu\OneDrive\Documents\uni\Year2\EE273\todomanager\todomanager\task.h(32,7): error C2061: syntax error: identifier 'string'
C:\Users\seamu\OneDrive\Documents\uni\Year2\EE273\todomanager\todomanager\task.h(32,2): error C2535: 'Task::Task(void)': member function already defined or declared
C:\Users\seamu\OneDrive\Documents\uni\Year2\EE273\todomanager\todomanager\task.h(31,2): message : see declaration of 'Task::Task'
C:\Users\seamu\OneDrive\Documents\uni\Year2\EE273\todomanager\todomanager\task.h(36,9): error C3646: 'Name': unknown override specifier
C:\Users\seamu\OneDrive\Documents\uni\Year2\EE273\todomanager\todomanager\task.h(36,13): error C4430: missing type specifier - int assumed. Note: C++ does not support default-int
C:\Users\seamu\OneDrive\Documents\uni\Year2\EE273\todomanager\todomanager\task.h(37,9): error C3646: 'Note': unknown override specifier
C:\Users\seamu\OneDrive\Documents\uni\Year2\EE273\todomanager\todomanager\task.h(37,13): error C4430: missing type specifier - int assumed. Note: C++ does not support default-int
C:\Users\seamu\OneDrive\Documents\uni\Year2\EE273\todomanager\todomanager\task.h(40,9): error C3646: 'Location': unknown override specifier
C:\Users\seamu\OneDrive\Documents\uni\Year2\EE273\todomanager\todomanager\task.h(40,17): error C4430: missing type specifier - int assumed. Note: C++ does not support default-int
C:\Users\seamu\OneDrive\Documents\uni\Year2\EE273\todomanager\todomanager\task.h(41,9): error C3646: 'Subject': unknown override specifier
C:\Users\seamu\OneDrive\Documents\uni\Year2\EE273\todomanager\todomanager\task.h(41,16): error C4430: missing type specifier - int assumed. Note: C++ does not support default-int
  main.cpp
C:\Users\seamu\OneDrive\Documents\uni\Year2\EE273\todomanager\todomanager\task.h(11,9): error C3646: 'getName': unknown override specifier
C:\Users\seamu\OneDrive\Documents\uni\Year2\EE273\todomanager\todomanager\task.h(11,16): error C2059: syntax error: '('
C:\Users\seamu\OneDrive\Documents\uni\Year2\EE273\todomanager\todomanager\task.h(11,18): error C2238: unexpected token(s) preceding ';'
C:\Users\seamu\OneDrive\Documents\uni\Year2\EE273\todomanager\todomanager\task.h(12,9): error C3646: 'getNote': unknown override specifier
C:\Users\seamu\OneDrive\Documents\uni\Year2\EE273\todomanager\todomanager\task.h(12,16): error C2059: syntax error: '('
C:\Users\seamu\OneDrive\Documents\uni\Year2\EE273\todomanager\todomanager\task.h(12,18): error C2238: unexpected token(s) preceding ';'
C:\Users\seamu\OneDrive\Documents\uni\Year2\EE273\todomanager\todomanager\task.h(15,9): error C3646: 'getLocation': unknown override specifier
C:\Users\seamu\OneDrive\Documents\uni\Year2\EE273\todomanager\todomanager\task.h(15,20): error C2059: syntax error: '('
C:\Users\seamu\OneDrive\Documents\uni\Year2\EE273\todomanager\todomanager\task.h(15,22): error C2238: unexpected token(s) preceding ';'
C:\Users\seamu\OneDrive\Documents\uni\Year2\EE273\todomanager\todomanager\task.h(16,9): error C3646: 'getSubject': unknown override specifier
C:\Users\seamu\OneDrive\Documents\uni\Year2\EE273\todomanager\todomanager\task.h(16,19): error C2059: syntax error: '('
C:\Users\seamu\OneDrive\Documents\uni\Year2\EE273\todomanager\todomanager\task.h(16,21): error C2238: unexpected token(s) preceding ';'
C:\Users\seamu\OneDrive\Documents\uni\Year2\EE273\todomanager\todomanager\task.h(20,9): error C3646: 'setName': unknown override specifier
C:\Users\seamu\OneDrive\Documents\uni\Year2\EE273\todomanager\todomanager\task.h(20,16): error C2059: syntax error: '('
C:\Users\seamu\OneDrive\Documents\uni\Year2\EE273\todomanager\todomanager\task.h(20,29): error C2238: unexpected token(s) preceding ';'
C:\Users\seamu\OneDrive\Documents\uni\Year2\EE273\todomanager\todomanager\task.h(21,9): error C3646: 'setNote': unknown override specifier
C:\Users\seamu\OneDrive\Documents\uni\Year2\EE273\todomanager\todomanager\task.h(21,16): error C2059: syntax error: '('
C:\Users\seamu\OneDrive\Documents\uni\Year2\EE273\todomanager\todomanager\task.h(21,29): error C2238: unexpected token(s) preceding ';'
C:\Users\seamu\OneDrive\Documents\uni\Year2\EE273\todomanager\todomanager\task.h(24,9): error C3646: 'setLocation': unknown override specifier
C:\Users\seamu\OneDrive\Documents\uni\Year2\EE273\todomanager\todomanager\task.h(24,20): error C2059: syntax error: '('
C:\Users\seamu\OneDrive\Documents\uni\Year2\EE273\todomanager\todomanager\task.h(24,37): error C2238: unexpected token(s) preceding ';'
C:\Users\seamu\OneDrive\Documents\uni\Year2\EE273\todomanager\todomanager\task.h(25,9): error C3646: 'setSubject': unknown override specifier
C:\Users\seamu\OneDrive\Documents\uni\Year2\EE273\todomanager\todomanager\task.h(25,19): error C2059: syntax error: '('
C:\Users\seamu\OneDrive\Documents\uni\Year2\EE273\todomanager\todomanager\task.h(25,35): error C2238: unexpected token(s) preceding ';'
C:\Users\seamu\OneDrive\Documents\uni\Year2\EE273\todomanager\todomanager\task.h(32,7): error C2061: syntax error: identifier 'string'
C:\Users\seamu\OneDrive\Documents\uni\Year2\EE273\todomanager\todomanager\task.h(32,2): error C2535: 'Task::Task(void)': member function already defined or declared
C:\Users\seamu\OneDrive\Documents\uni\Year2\EE273\todomanager\todomanager\task.h(31,2): message : see declaration of 'Task::Task'
C:\Users\seamu\OneDrive\Documents\uni\Year2\EE273\todomanager\todomanager\task.h(36,9): error C3646: 'Name': unknown override specifier
C:\Users\seamu\OneDrive\Documents\uni\Year2\EE273\todomanager\todomanager\task.h(36,13): error C4430: missing type specifier - int assumed. Note: C++ does not support default-int
C:\Users\seamu\OneDrive\Documents\uni\Year2\EE273\todomanager\todomanager\task.h(37,9): error C3646: 'Note': unknown override specifier
C:\Users\seamu\OneDrive\Documents\uni\Year2\EE273\todomanager\todomanager\task.h(37,13): error C4430: missing type specifier - int assumed. Note: C++ does not support default-int
C:\Users\seamu\OneDrive\Documents\uni\Year2\EE273\todomanager\todomanager\task.h(40,9): error C3646: 'Location': unknown override specifier
C:\Users\seamu\OneDrive\Documents\uni\Year2\EE273\todomanager\todomanager\task.h(40,17): error C4430: missing type specifier - int assumed. Note: C++ does not support default-int
C:\Users\seamu\OneDrive\Documents\uni\Year2\EE273\todomanager\todomanager\task.h(41,9): error C3646: 'Subject': unknown override specifier
C:\Users\seamu\OneDrive\Documents\uni\Year2\EE273\todomanager\todomanager\task.h(41,16): error C4430: missing type specifier - int assumed. Note: C++ does not support default-int
  sort.cpp
C:\Users\seamu\OneDrive\Documents\uni\Year2\EE273\todomanager\todomanager\task.h(11,9): error C3646: 'getName': unknown override specifier
C:\Users\seamu\OneDrive\Documents\uni\Year2\EE273\todomanager\todomanager\task.h(11,16): error C2059: syntax error: '('
C:\Users\seamu\OneDrive\Documents\uni\Year2\EE273\todomanager\todomanager\task.h(11,18): error C2238: unexpected token(s) preceding ';'
C:\Users\seamu\OneDrive\Documents\uni\Year2\EE273\todomanager\todomanager\task.h(12,9): error C3646: 'getNote': unknown override specifier
C:\Users\seamu\OneDrive\Documents\uni\Year2\EE273\todomanager\todomanager\task.h(12,16): error C2059: syntax error: '('
C:\Users\seamu\OneDrive\Documents\uni\Year2\EE273\todomanager\todomanager\task.h(12,18): error C2238: unexpected token(s) preceding ';'
C:\Users\seamu\OneDrive\Documents\uni\Year2\EE273\todomanager\todomanager\task.h(15,9): error C3646: 'getLocation': unknown override specifier
C:\Users\seamu\OneDrive\Documents\uni\Year2\EE273\todomanager\todomanager\task.h(15,20): error C2059: syntax error: '('
C:\Users\seamu\OneDrive\Documents\uni\Year2\EE273\todomanager\todomanager\task.h(15,22): error C2238: unexpected token(s) preceding ';'
C:\Users\seamu\OneDrive\Documents\uni\Year2\EE273\todomanager\todomanager\task.h(16,9): error C3646: 'getSubject': unknown override specifier
C:\Users\seamu\OneDrive\Documents\uni\Year2\EE273\todomanager\todomanager\task.h(16,19): error C2059: syntax error: '('
C:\Users\seamu\OneDrive\Documents\uni\Year2\EE273\todomanager\todomanager\task.h(16,21): error C2238: unexpected token(s) preceding ';'
C:\Users\seamu\OneDrive\Documents\uni\Year2\EE273\todomanager\todomanager\task.h(20,9): error C3646: 'setName': unknown override specifier
C:\Users\seamu\OneDrive\Documents\uni\Year2\EE273\todomanager\todomanager\task.h(20,16): error C2059: syntax error: '('
C:\Users\seamu\OneDrive\Documents\uni\Year2\EE273\todomanager\todomanager\task.h(20,29): error C2238: unexpected token(s) preceding ';'
C:\Users\seamu\OneDrive\Documents\uni\Year2\EE273\todomanager\todomanager\task.h(21,9): error C3646: 'setNote': unknown override specifier
C:\Users\seamu\OneDrive\Documents\uni\Year2\EE273\todomanager\todomanager\task.h(21,16): error C2059: syntax error: '('
C:\Users\seamu\OneDrive\Documents\uni\Year2\EE273\todomanager\todomanager\task.h(21,29): error C2238: unexpected token(s) preceding ';'
C:\Users\seamu\OneDrive\Documents\uni\Year2\EE273\todomanager\todomanager\task.h(24,9): error C3646: 'setLocation': unknown override specifier
C:\Users\seamu\OneDrive\Documents\uni\Year2\EE273\todomanager\todomanager\task.h(24,20): error C2059: syntax error: '('
C:\Users\seamu\OneDrive\Documents\uni\Year2\EE273\todomanager\todomanager\task.h(24,37): error C2238: unexpected token(s) preceding ';'
C:\Users\seamu\OneDrive\Documents\uni\Year2\EE273\todomanager\todomanager\task.h(25,9): error C3646: 'setSubject': unknown override specifier
C:\Users\seamu\OneDrive\Documents\uni\Year2\EE273\todomanager\todomanager\task.h(25,19): error C2059: syntax error: '('
C:\Users\seamu\OneDrive\Documents\uni\Year2\EE273\todomanager\todomanager\task.h(25,35): error C2238: unexpected token(s) preceding ';'
C:\Users\seamu\OneDrive\Documents\uni\Year2\EE273\todomanager\todomanager\task.h(32,7): error C2061: syntax error: identifier 'string'
C:\Users\seamu\OneDrive\Documents\uni\Year2\EE273\todomanager\todomanager\task.h(32,2): error C2535: 'Task::Task(void)': member function already defined or declared
C:\Users\seamu\OneDrive\Documents\uni\Year2\EE273\todomanager\todomanager\task.h(31,2): message : see declaration of 'Task::Task'
C:\Users\seamu\OneDrive\Documents\uni\Year2\EE273\todomanager\todomanager\task.h(36,9): error C3646: 'Name': unknown override specifier
C:\Users\seamu\OneDrive\Documents\uni\Year2\EE273\todomanager\todomanager\task.h(36,13): error C4430: missing type specifier - int assumed. Note: C++ does not support default-int
C:\Users\seamu\OneDrive\Documents\uni\Year2\EE273\todomanager\todomanager\task.h(37,9): error C3646: 'Note': unknown override specifier
C:\Users\seamu\OneDrive\Documents\uni\Year2\EE273\todomanager\todomanager\task.h(37,13): error C4430: missing type specifier - int assumed. Note: C++ does not support default-int
C:\Users\seamu\OneDrive\Documents\uni\Year2\EE273\todomanager\todomanager\task.h(40,9): error C3646: 'Location': unknown override specifier
C:\Users\seamu\OneDrive\Documents\uni\Year2\EE273\todomanager\todomanager\task.h(40,17): error C4430: missing type specifier - int assumed. Note: C++ does not support default-int
C:\Users\seamu\OneDrive\Documents\uni\Year2\EE273\todomanager\todomanager\task.h(41,9): error C3646: 'Subject': unknown override specifier
C:\Users\seamu\OneDrive\Documents\uni\Year2\EE273\todomanager\todomanager\task.h(41,16): error C4430: missing type specifier - int assumed. Note: C++ does not support default-int
  task.cpp
C:\Users\seamu\OneDrive\Documents\uni\Year2\EE273\todomanager\todomanager\task.h(11,9): error C3646: 'getName': unknown override specifier
C:\Users\seamu\OneDrive\Documents\uni\Year2\EE273\todomanager\todomanager\task.h(11,16): error C2059: syntax error: '('
C:\Users\seamu\OneDrive\Documents\uni\Year2\EE273\todomanager\todomanager\task.h(11,18): error C2238: unexpected token(s) preceding ';'
C:\Users\seamu\OneDrive\Documents\uni\Year2\EE273\todomanager\todomanager\task.h(12,9): error C3646: 'getNote': unknown override specifier
C:\Users\seamu\OneDrive\Documents\uni\Year2\EE273\todomanager\todomanager\task.h(12,16): error C2059: syntax error: '('
C:\Users\seamu\OneDrive\Documents\uni\Year2\EE273\todomanager\todomanager\task.h(12,18): error C2238: unexpected token(s) preceding ';'
C:\Users\seamu\OneDrive\Documents\uni\Year2\EE273\todomanager\todomanager\task.h(15,9): error C3646: 'getLocation': unknown override specifier
C:\Users\seamu\OneDrive\Documents\uni\Year2\EE273\todomanager\todomanager\task.h(15,20): error C2059: syntax error: '('
C:\Users\seamu\OneDrive\Documents\uni\Year2\EE273\todomanager\todomanager\task.h(15,22): error C2238: unexpected token(s) preceding ';'
C:\Users\seamu\OneDrive\Documents\uni\Year2\EE273\todomanager\todomanager\task.h(16,9): error C3646: 'getSubject': unknown override specifier
C:\Users\seamu\OneDrive\Documents\uni\Year2\EE273\todomanager\todomanager\task.h(16,19): error C2059: syntax error: '('
C:\Users\seamu\OneDrive\Documents\uni\Year2\EE273\todomanager\todomanager\task.h(16,21): error C2238: unexpected token(s) preceding ';'
C:\Users\seamu\OneDrive\Documents\uni\Year2\EE273\todomanager\todomanager\task.h(20,9): error C3646: 'setName': unknown override specifier
C:\Users\seamu\OneDrive\Documents\uni\Year2\EE273\todomanager\todomanager\task.h(20,16): error C2059: syntax error: '('
C:\Users\seamu\OneDrive\Documents\uni\Year2\EE273\todomanager\todomanager\task.h(20,29): error C2238: unexpected token(s) preceding ';'
C:\Users\seamu\OneDrive\Documents\uni\Year2\EE273\todomanager\todomanager\task.h(21,9): error C3646: 'setNote': unknown override specifier
C:\Users\seamu\OneDrive\Documents\uni\Year2\EE273\todomanager\todomanager\task.h(21,16): error C2059: syntax error: '('
C:\Users\seamu\OneDrive\Documents\uni\Year2\EE273\todomanager\todomanager\task.h(21,29): error C2238: unexpected token(s) preceding ';'
C:\Users\seamu\OneDrive\Documents\uni\Year2\EE273\todomanager\todomanager\task.h(24,9): error C3646: 'setLocation': unknown override specifier
C:\Users\seamu\OneDrive\Documents\uni\Year2\EE273\todomanager\todomanager\task.h(24,20): error C2059: syntax error: '('
C:\Users\seamu\OneDrive\Documents\uni\Year2\EE273\todomanager\todomanager\task.h(24,37): error C2238: unexpected token(s) preceding ';'
C:\Users\seamu\OneDrive\Documents\uni\Year2\EE273\todomanager\todomanager\task.h(25,9): error C3646: 'setSubject': unknown override specifier
C:\Users\seamu\OneDrive\Documents\uni\Year2\EE273\todomanager\todomanager\task.h(25,19): error C2059: syntax error: '('
C:\Users\seamu\OneDrive\Documents\uni\Year2\EE273\todomanager\todomanager\task.h(25,35): error C2238: unexpected token(s) preceding ';'
C:\Users\seamu\OneDrive\Documents\uni\Year2\EE273\todomanager\todomanager\task.h(32,7): error C2061: syntax error: identifier 'string'
C:\Users\seamu\OneDrive\Documents\uni\Year2\EE273\todomanager\todomanager\task.h(32,2): error C2535: 'Task::Task(void)': member function already defined or declared
C:\Users\seamu\OneDrive\Documents\uni\Year2\EE273\todomanager\todomanager\task.h(31,2): message : see declaration of 'Task::Task'
C:\Users\seamu\OneDrive\Documents\uni\Year2\EE273\todomanager\todomanager\task.h(36,9): error C3646: 'Name': unknown override specifier
C:\Users\seamu\OneDrive\Documents\uni\Year2\EE273\todomanager\todomanager\task.h(36,13): error C4430: missing type specifier - int assumed. Note: C++ does not support default-int
C:\Users\seamu\OneDrive\Documents\uni\Year2\EE273\todomanager\todomanager\task.h(37,9): error C3646: 'Note': unknown override specifier
C:\Users\seamu\OneDrive\Documents\uni\Year2\EE273\todomanager\todomanager\task.h(37,13): error C4430: missing type specifier - int assumed. Note: C++ does not support default-int
C:\Users\seamu\OneDrive\Documents\uni\Year2\EE273\todomanager\todomanager\task.h(40,9): error C3646: 'Location': unknown override specifier
C:\Users\seamu\OneDrive\Documents\uni\Year2\EE273\todomanager\todomanager\task.h(40,17): error C4430: missing type specifier - int assumed. Note: C++ does not support default-int
C:\Users\seamu\OneDrive\Documents\uni\Year2\EE273\todomanager\todomanager\task.h(41,9): error C3646: 'Subject': unknown override specifier
C:\Users\seamu\OneDrive\Documents\uni\Year2\EE273\todomanager\todomanager\task.h(41,16): error C4430: missing type specifier - int assumed. Note: C++ does not support default-int
C:\Users\seamu\OneDrive\Documents\uni\Year2\EE273\todomanager\todomanager\task.cpp(11,8): error C2039: 'Name': is not a member of 'Task'
C:\Users\seamu\OneDrive\Documents\uni\Year2\EE273\todomanager\todomanager\task.h(4,7): message : see declaration of 'Task'
C:\Users\seamu\OneDrive\Documents\uni\Year2\EE273\todomanager\todomanager\task.cpp(12,8): error C2039: 'Note': is not a member of 'Task'
C:\Users\seamu\OneDrive\Documents\uni\Year2\EE273\todomanager\todomanager\task.h(4,7): message : see declaration of 'Task'
C:\Users\seamu\OneDrive\Documents\uni\Year2\EE273\todomanager\todomanager\task.cpp(15,8): error C2039: 'Location': is not a member of 'Task'
C:\Users\seamu\OneDrive\Documents\uni\Year2\EE273\todomanager\todomanager\task.h(4,7): message : see declaration of 'Task'
C:\Users\seamu\OneDrive\Documents\uni\Year2\EE273\todomanager\todomanager\task.cpp(16,8): error C2039: 'Subject': is not a member of 'Task'
C:\Users\seamu\OneDrive\Documents\uni\Year2\EE273\todomanager\todomanager\task.h(4,7): message : see declaration of 'Task'
C:\Users\seamu\OneDrive\Documents\uni\Year2\EE273\todomanager\todomanager\task.cpp(21,14): error C2039: 'getName': is not a member of 'Task'
C:\Users\seamu\OneDrive\Documents\uni\Year2\EE273\todomanager\todomanager\task.h(4,7): message : see declaration of 'Task'
C:\Users\seamu\OneDrive\Documents\uni\Year2\EE273\todomanager\todomanager\task.cpp(22,9): error C2065: 'Name': undeclared identifier
C:\Users\seamu\OneDrive\Documents\uni\Year2\EE273\todomanager\todomanager\task.cpp(24,14): error C2039: 'getNote': is not a member of 'Task'
C:\Users\seamu\OneDrive\Documents\uni\Year2\EE273\todomanager\todomanager\task.h(4,7): message : see declaration of 'Task'
C:\Users\seamu\OneDrive\Documents\uni\Year2\EE273\todomanager\todomanager\task.cpp(25,9): error C2065: 'Note': undeclared identifier
C:\Users\seamu\OneDrive\Documents\uni\Year2\EE273\todomanager\todomanager\task.cpp(33,14): error C2039: 'getLocation': is not a member of 'Task'
C:\Users\seamu\OneDrive\Documents\uni\Year2\EE273\todomanager\todomanager\task.h(4,7): message : see declaration of 'Task'
C:\Users\seamu\OneDrive\Documents\uni\Year2\EE273\todomanager\todomanager\task.cpp(34,9): error C2065: 'Location': undeclared identifier
C:\Users\seamu\OneDrive\Documents\uni\Year2\EE273\todomanager\todomanager\task.cpp(36,14): error C2039: 'getSubject': is not a member of 'Task'
C:\Users\seamu\OneDrive\Documents\uni\Year2\EE273\todomanager\todomanager\task.h(4,7): message : see declaration of 'Task'
C:\Users\seamu\OneDrive\Documents\uni\Year2\EE273\todomanager\todomanager\task.cpp(37,9): error C2065: 'Subject': undeclared identifier
C:\Users\seamu\OneDrive\Documents\uni\Year2\EE273\todomanager\todomanager\task.cpp(43,14): error C2039: 'setName': is not a member of 'Task'
C:\Users\seamu\OneDrive\Documents\uni\Year2\EE273\todomanager\todomanager\task.h(4,7): message : see declaration of 'Task'
C:\Users\seamu\OneDrive\Documents\uni\Year2\EE273\todomanager\todomanager\task.cpp(44,2): error C2355: 'this': can only be referenced inside non-static member functions or non-static data member initializers
C:\Users\seamu\OneDrive\Documents\uni\Year2\EE273\todomanager\todomanager\task.cpp(46,14): error C2039: 'setNote': is not a member of 'Task'
C:\Users\seamu\OneDrive\Documents\uni\Year2\EE273\todomanager\todomanager\task.h(4,7): message : see declaration of 'Task'
C:\Users\seamu\OneDrive\Documents\uni\Year2\EE273\todomanager\todomanager\task.cpp(47,2): error C2355: 'this': can only be referenced inside non-static member functions or non-static data member initializers
C:\Users\seamu\OneDrive\Documents\uni\Year2\EE273\todomanager\todomanager\task.cpp(55,14): error C2039: 'setLocation': is not a member of 'Task'
C:\Users\seamu\OneDrive\Documents\uni\Year2\EE273\todomanager\todomanager\task.h(4,7): message : see declaration of 'Task'
C:\Users\seamu\OneDrive\Documents\uni\Year2\EE273\todomanager\todomanager\task.cpp(56,2): error C2355: 'this': can only be referenced inside non-static member functions or non-static data member initializers
C:\Users\seamu\OneDrive\Documents\uni\Year2\EE273\todomanager\todomanager\task.cpp(58,14): error C2039: 'setSubject': is not a member of 'Task'
C:\Users\seamu\OneDrive\Documents\uni\Year2\EE273\todomanager\todomanager\task.h(4,7): message : see declaration of 'Task'
C:\Users\seamu\OneDrive\Documents\uni\Year2\EE273\todomanager\todomanager\task.cpp(59,2): error C2355: 'this': can only be referenced inside non-static member functions or non-static data member initializers
  Generating Code...
