  consoleUI.cpp
D:\Documents\School\Uni\EE273\Project\EE273-To-Do-Manager\TODO manager\TODO manager\task.h(6,7): error C2061: syntax error: identifier 'string'
  (compiling source file 'consoleUI.cpp')
  
D:\Documents\School\Uni\EE273\Project\EE273-To-Do-Manager\TODO manager\TODO manager\task.h(9,9): error C3646: 'getName': unknown override specifier
  (compiling source file 'consoleUI.cpp')
  
D:\Documents\School\Uni\EE273\Project\EE273-To-Do-Manager\TODO manager\TODO manager\task.h(9,16): error C2059: syntax error: '('
  (compiling source file 'consoleUI.cpp')
  
D:\Documents\School\Uni\EE273\Project\EE273-To-Do-Manager\TODO manager\TODO manager\task.h(9,18): error C2238: unexpected token(s) preceding ';'
  (compiling source file 'consoleUI.cpp')
  
D:\Documents\School\Uni\EE273\Project\EE273-To-Do-Manager\TODO manager\TODO manager\task.h(10,9): error C3646: 'getNote': unknown override specifier
  (compiling source file 'consoleUI.cpp')
  
D:\Documents\School\Uni\EE273\Project\EE273-To-Do-Manager\TODO manager\TODO manager\task.h(10,16): error C2059: syntax error: '('
  (compiling source file 'consoleUI.cpp')
  
D:\Documents\School\Uni\EE273\Project\EE273-To-Do-Manager\TODO manager\TODO manager\task.h(10,18): error C2238: unexpected token(s) preceding ';'
  (compiling source file 'consoleUI.cpp')
  
D:\Documents\School\Uni\EE273\Project\EE273-To-Do-Manager\TODO manager\TODO manager\task.h(13,9): error C3646: 'getLocation': unknown override specifier
  (compiling source file 'consoleUI.cpp')
  
D:\Documents\School\Uni\EE273\Project\EE273-To-Do-Manager\TODO manager\TODO manager\task.h(13,20): error C2059: syntax error: '('
  (compiling source file 'consoleUI.cpp')
  
D:\Documents\School\Uni\EE273\Project\EE273-To-Do-Manager\TODO manager\TODO manager\task.h(13,22): error C2238: unexpected token(s) preceding ';'
  (compiling source file 'consoleUI.cpp')
  
D:\Documents\School\Uni\EE273\Project\EE273-To-Do-Manager\TODO manager\TODO manager\task.h(14,9): error C3646: 'getSubject': unknown override specifier
  (compiling source file 'consoleUI.cpp')
  
D:\Documents\School\Uni\EE273\Project\EE273-To-Do-Manager\TODO manager\TODO manager\task.h(14,19): error C2059: syntax error: '('
  (compiling source file 'consoleUI.cpp')
  
D:\Documents\School\Uni\EE273\Project\EE273-To-Do-Manager\TODO manager\TODO manager\task.h(14,21): error C2238: unexpected token(s) preceding ';'
  (compiling source file 'consoleUI.cpp')
  
D:\Documents\School\Uni\EE273\Project\EE273-To-Do-Manager\TODO manager\TODO manager\task.h(18,9): error C3646: 'setName': unknown override specifier
  (compiling source file 'consoleUI.cpp')
  
D:\Documents\School\Uni\EE273\Project\EE273-To-Do-Manager\TODO manager\TODO manager\task.h(18,16): error C2059: syntax error: '('
  (compiling source file 'consoleUI.cpp')
  
D:\Documents\School\Uni\EE273\Project\EE273-To-Do-Manager\TODO manager\TODO manager\task.h(18,29): error C2238: unexpected token(s) preceding ';'
  (compiling source file 'consoleUI.cpp')
  
D:\Documents\School\Uni\EE273\Project\EE273-To-Do-Manager\TODO manager\TODO manager\task.h(19,9): error C3646: 'setNote': unknown override specifier
  (compiling source file 'consoleUI.cpp')
  
D:\Documents\School\Uni\EE273\Project\EE273-To-Do-Manager\TODO manager\TODO manager\task.h(19,16): error C2059: syntax error: '('
  (compiling source file 'consoleUI.cpp')
  
D:\Documents\School\Uni\EE273\Project\EE273-To-Do-Manager\TODO manager\TODO manager\task.h(19,29): error C2238: unexpected token(s) preceding ';'
  (compiling source file 'consoleUI.cpp')
  
D:\Documents\School\Uni\EE273\Project\EE273-To-Do-Manager\TODO manager\TODO manager\task.h(22,9): error C3646: 'setLocation': unknown override specifier
  (compiling source file 'consoleUI.cpp')
  
D:\Documents\School\Uni\EE273\Project\EE273-To-Do-Manager\TODO manager\TODO manager\task.h(22,20): error C2059: syntax error: '('
  (compiling source file 'consoleUI.cpp')
  
D:\Documents\School\Uni\EE273\Project\EE273-To-Do-Manager\TODO manager\TODO manager\task.h(22,37): error C2238: unexpected token(s) preceding ';'
  (compiling source file 'consoleUI.cpp')
  
D:\Documents\School\Uni\EE273\Project\EE273-To-Do-Manager\TODO manager\TODO manager\task.h(23,9): error C3646: 'setSubject': unknown override specifier
  (compiling source file 'consoleUI.cpp')
  
D:\Documents\School\Uni\EE273\Project\EE273-To-Do-Manager\TODO manager\TODO manager\task.h(23,19): error C2059: syntax error: '('
  (compiling source file 'consoleUI.cpp')
  
D:\Documents\School\Uni\EE273\Project\EE273-To-Do-Manager\TODO manager\TODO manager\task.h(23,35): error C2238: unexpected token(s) preceding ';'
  (compiling source file 'consoleUI.cpp')
  
D:\Documents\School\Uni\EE273\Project\EE273-To-Do-Manager\TODO manager\TODO manager\task.h(28,2): error C2535: 'Task::Task(void)': member function already defined or declared
  (compiling source file 'consoleUI.cpp')
  D:\Documents\School\Uni\EE273\Project\EE273-To-Do-Manager\TODO manager\TODO manager\task.h(6,2):
  see declaration of 'Task::Task'
  
D:\Documents\School\Uni\EE273\Project\EE273-To-Do-Manager\TODO manager\TODO manager\task.h(29,7): error C2061: syntax error: identifier 'string'
  (compiling source file 'consoleUI.cpp')
  
D:\Documents\School\Uni\EE273\Project\EE273-To-Do-Manager\TODO manager\TODO manager\task.h(29,2): error C2535: 'Task::Task(void)': member function already defined or declared
  (compiling source file 'consoleUI.cpp')
  D:\Documents\School\Uni\EE273\Project\EE273-To-Do-Manager\TODO manager\TODO manager\task.h(6,2):
  see declaration of 'Task::Task'
  
D:\Documents\School\Uni\EE273\Project\EE273-To-Do-Manager\TODO manager\TODO manager\task.h(33,9): error C3646: 'Name': unknown override specifier
  (compiling source file 'consoleUI.cpp')
  
D:\Documents\School\Uni\EE273\Project\EE273-To-Do-Manager\TODO manager\TODO manager\task.h(33,13): error C4430: missing type specifier - int assumed. Note: C++ does not support default-int
  (compiling source file 'consoleUI.cpp')
  
D:\Documents\School\Uni\EE273\Project\EE273-To-Do-Manager\TODO manager\TODO manager\task.h(34,9): error C3646: 'Note': unknown override specifier
  (compiling source file 'consoleUI.cpp')
  
D:\Documents\School\Uni\EE273\Project\EE273-To-Do-Manager\TODO manager\TODO manager\task.h(34,13): error C4430: missing type specifier - int assumed. Note: C++ does not support default-int
  (compiling source file 'consoleUI.cpp')
  
D:\Documents\School\Uni\EE273\Project\EE273-To-Do-Manager\TODO manager\TODO manager\task.h(37,9): error C3646: 'Location': unknown override specifier
  (compiling source file 'consoleUI.cpp')
  
D:\Documents\School\Uni\EE273\Project\EE273-To-Do-Manager\TODO manager\TODO manager\task.h(37,17): error C4430: missing type specifier - int assumed. Note: C++ does not support default-int
  (compiling source file 'consoleUI.cpp')
  
D:\Documents\School\Uni\EE273\Project\EE273-To-Do-Manager\TODO manager\TODO manager\task.h(38,9): error C3646: 'Subject': unknown override specifier
  (compiling source file 'consoleUI.cpp')
  
D:\Documents\School\Uni\EE273\Project\EE273-To-Do-Manager\TODO manager\TODO manager\task.h(38,16): error C4430: missing type specifier - int assumed. Note: C++ does not support default-int
  (compiling source file 'consoleUI.cpp')
  
D:\Documents\School\Uni\EE273\Project\EE273-To-Do-Manager\TODO manager\TODO manager\sort.h(13,7): error C2143: syntax error: missing ';' before '<'
  (compiling source file 'consoleUI.cpp')
  
D:\Documents\School\Uni\EE273\Project\EE273-To-Do-Manager\TODO manager\TODO manager\sort.h(13,7): error C4430: missing type specifier - int assumed. Note: C++ does not support default-int
  (compiling source file 'consoleUI.cpp')
  
D:\Documents\School\Uni\EE273\Project\EE273-To-Do-Manager\TODO manager\TODO manager\sort.h(13,7): error C2059: syntax error: '<'
  (compiling source file 'consoleUI.cpp')
  
D:\Documents\School\Uni\EE273\Project\EE273-To-Do-Manager\TODO manager\TODO manager\sort.h(14,7): error C2143: syntax error: missing ';' before '<'
  (compiling source file 'consoleUI.cpp')
  
D:\Documents\School\Uni\EE273\Project\EE273-To-Do-Manager\TODO manager\TODO manager\sort.h(14,7): error C4430: missing type specifier - int assumed. Note: C++ does not support default-int
  (compiling source file 'consoleUI.cpp')
  
D:\Documents\School\Uni\EE273\Project\EE273-To-Do-Manager\TODO manager\TODO manager\sort.h(14,1): error C2086: 'int vector': redefinition
  (compiling source file 'consoleUI.cpp')
  D:\Documents\School\Uni\EE273\Project\EE273-To-Do-Manager\TODO manager\TODO manager\sort.h(13,1):
  see declaration of 'vector'
  
D:\Documents\School\Uni\EE273\Project\EE273-To-Do-Manager\TODO manager\TODO manager\sort.h(14,7): error C2059: syntax error: '<'
  (compiling source file 'consoleUI.cpp')
  
D:\Documents\School\Uni\EE273\Project\EE273-To-Do-Manager\TODO manager\TODO manager\sort.h(15,7): error C2143: syntax error: missing ';' before '<'
  (compiling source file 'consoleUI.cpp')
  
D:\Documents\School\Uni\EE273\Project\EE273-To-Do-Manager\TODO manager\TODO manager\sort.h(15,7): error C4430: missing type specifier - int assumed. Note: C++ does not support default-int
  (compiling source file 'consoleUI.cpp')
  
D:\Documents\School\Uni\EE273\Project\EE273-To-Do-Manager\TODO manager\TODO manager\sort.h(15,1): error C2086: 'int vector': redefinition
  (compiling source file 'consoleUI.cpp')
  D:\Documents\School\Uni\EE273\Project\EE273-To-Do-Manager\TODO manager\TODO manager\sort.h(13,1):
  see declaration of 'vector'
  
D:\Documents\School\Uni\EE273\Project\EE273-To-Do-Manager\TODO manager\TODO manager\sort.h(15,7): error C2059: syntax error: '<'
  (compiling source file 'consoleUI.cpp')
  
D:\Documents\School\Uni\EE273\Project\EE273-To-Do-Manager\TODO manager\TODO manager\sort.h(16,7): error C2143: syntax error: missing ';' before '<'
  (compiling source file 'consoleUI.cpp')
  
D:\Documents\School\Uni\EE273\Project\EE273-To-Do-Manager\TODO manager\TODO manager\sort.h(16,7): error C4430: missing type specifier - int assumed. Note: C++ does not support default-int
  (compiling source file 'consoleUI.cpp')
  
D:\Documents\School\Uni\EE273\Project\EE273-To-Do-Manager\TODO manager\TODO manager\sort.h(16,1): error C2086: 'int vector': redefinition
  (compiling source file 'consoleUI.cpp')
  D:\Documents\School\Uni\EE273\Project\EE273-To-Do-Manager\TODO manager\TODO manager\sort.h(13,1):
  see declaration of 'vector'
  
D:\Documents\School\Uni\EE273\Project\EE273-To-Do-Manager\TODO manager\TODO manager\sort.h(16,7): error C2059: syntax error: '<'
  (compiling source file 'consoleUI.cpp')
  
D:\Documents\School\Uni\EE273\Project\EE273-To-Do-Manager\TODO manager\TODO manager\sort.h(17,7): error C2143: syntax error: missing ';' before '<'
  (compiling source file 'consoleUI.cpp')
  
D:\Documents\School\Uni\EE273\Project\EE273-To-Do-Manager\TODO manager\TODO manager\sort.h(17,7): error C4430: missing type specifier - int assumed. Note: C++ does not support default-int
  (compiling source file 'consoleUI.cpp')
  
D:\Documents\School\Uni\EE273\Project\EE273-To-Do-Manager\TODO manager\TODO manager\sort.h(17,1): error C2086: 'int vector': redefinition
  (compiling source file 'consoleUI.cpp')
  D:\Documents\School\Uni\EE273\Project\EE273-To-Do-Manager\TODO manager\TODO manager\sort.h(13,1):
  see declaration of 'vector'
  
D:\Documents\School\Uni\EE273\Project\EE273-To-Do-Manager\TODO manager\TODO manager\sort.h(17,7): error C2059: syntax error: '<'
  (compiling source file 'consoleUI.cpp')
  
  main.cpp
D:\Documents\School\Uni\EE273\Project\EE273-To-Do-Manager\TODO manager\TODO manager\task.h(6,7): error C2061: syntax error: identifier 'string'
  (compiling source file 'main.cpp')
  
D:\Documents\School\Uni\EE273\Project\EE273-To-Do-Manager\TODO manager\TODO manager\task.h(9,9): error C3646: 'getName': unknown override specifier
  (compiling source file 'main.cpp')
  
D:\Documents\School\Uni\EE273\Project\EE273-To-Do-Manager\TODO manager\TODO manager\task.h(9,16): error C2059: syntax error: '('
  (compiling source file 'main.cpp')
  
D:\Documents\School\Uni\EE273\Project\EE273-To-Do-Manager\TODO manager\TODO manager\task.h(9,18): error C2238: unexpected token(s) preceding ';'
  (compiling source file 'main.cpp')
  
D:\Documents\School\Uni\EE273\Project\EE273-To-Do-Manager\TODO manager\TODO manager\task.h(10,9): error C3646: 'getNote': unknown override specifier
  (compiling source file 'main.cpp')
  
D:\Documents\School\Uni\EE273\Project\EE273-To-Do-Manager\TODO manager\TODO manager\task.h(10,16): error C2059: syntax error: '('
  (compiling source file 'main.cpp')
  
D:\Documents\School\Uni\EE273\Project\EE273-To-Do-Manager\TODO manager\TODO manager\task.h(10,18): error C2238: unexpected token(s) preceding ';'
  (compiling source file 'main.cpp')
  
D:\Documents\School\Uni\EE273\Project\EE273-To-Do-Manager\TODO manager\TODO manager\task.h(13,9): error C3646: 'getLocation': unknown override specifier
  (compiling source file 'main.cpp')
  
D:\Documents\School\Uni\EE273\Project\EE273-To-Do-Manager\TODO manager\TODO manager\task.h(13,20): error C2059: syntax error: '('
  (compiling source file 'main.cpp')
  
D:\Documents\School\Uni\EE273\Project\EE273-To-Do-Manager\TODO manager\TODO manager\task.h(13,22): error C2238: unexpected token(s) preceding ';'
  (compiling source file 'main.cpp')
  
D:\Documents\School\Uni\EE273\Project\EE273-To-Do-Manager\TODO manager\TODO manager\task.h(14,9): error C3646: 'getSubject': unknown override specifier
  (compiling source file 'main.cpp')
  
D:\Documents\School\Uni\EE273\Project\EE273-To-Do-Manager\TODO manager\TODO manager\task.h(14,19): error C2059: syntax error: '('
  (compiling source file 'main.cpp')
  
D:\Documents\School\Uni\EE273\Project\EE273-To-Do-Manager\TODO manager\TODO manager\task.h(14,21): error C2238: unexpected token(s) preceding ';'
  (compiling source file 'main.cpp')
  
D:\Documents\School\Uni\EE273\Project\EE273-To-Do-Manager\TODO manager\TODO manager\task.h(18,9): error C3646: 'setName': unknown override specifier
  (compiling source file 'main.cpp')
  
D:\Documents\School\Uni\EE273\Project\EE273-To-Do-Manager\TODO manager\TODO manager\task.h(18,16): error C2059: syntax error: '('
  (compiling source file 'main.cpp')
  
D:\Documents\School\Uni\EE273\Project\EE273-To-Do-Manager\TODO manager\TODO manager\task.h(18,29): error C2238: unexpected token(s) preceding ';'
  (compiling source file 'main.cpp')
  
D:\Documents\School\Uni\EE273\Project\EE273-To-Do-Manager\TODO manager\TODO manager\task.h(19,9): error C3646: 'setNote': unknown override specifier
  (compiling source file 'main.cpp')
  
D:\Documents\School\Uni\EE273\Project\EE273-To-Do-Manager\TODO manager\TODO manager\task.h(19,16): error C2059: syntax error: '('
  (compiling source file 'main.cpp')
  
D:\Documents\School\Uni\EE273\Project\EE273-To-Do-Manager\TODO manager\TODO manager\task.h(19,29): error C2238: unexpected token(s) preceding ';'
  (compiling source file 'main.cpp')
  
D:\Documents\School\Uni\EE273\Project\EE273-To-Do-Manager\TODO manager\TODO manager\task.h(22,9): error C3646: 'setLocation': unknown override specifier
  (compiling source file 'main.cpp')
  
D:\Documents\School\Uni\EE273\Project\EE273-To-Do-Manager\TODO manager\TODO manager\task.h(22,20): error C2059: syntax error: '('
  (compiling source file 'main.cpp')
  
D:\Documents\School\Uni\EE273\Project\EE273-To-Do-Manager\TODO manager\TODO manager\task.h(22,37): error C2238: unexpected token(s) preceding ';'
  (compiling source file 'main.cpp')
  
D:\Documents\School\Uni\EE273\Project\EE273-To-Do-Manager\TODO manager\TODO manager\task.h(23,9): error C3646: 'setSubject': unknown override specifier
  (compiling source file 'main.cpp')
  
D:\Documents\School\Uni\EE273\Project\EE273-To-Do-Manager\TODO manager\TODO manager\task.h(23,19): error C2059: syntax error: '('
  (compiling source file 'main.cpp')
  
D:\Documents\School\Uni\EE273\Project\EE273-To-Do-Manager\TODO manager\TODO manager\task.h(23,35): error C2238: unexpected token(s) preceding ';'
  (compiling source file 'main.cpp')
  
D:\Documents\School\Uni\EE273\Project\EE273-To-Do-Manager\TODO manager\TODO manager\task.h(28,2): error C2535: 'Task::Task(void)': member function already defined or declared
  (compiling source file 'main.cpp')
  D:\Documents\School\Uni\EE273\Project\EE273-To-Do-Manager\TODO manager\TODO manager\task.h(6,2):
  see declaration of 'Task::Task'
  
D:\Documents\School\Uni\EE273\Project\EE273-To-Do-Manager\TODO manager\TODO manager\task.h(29,7): error C2061: syntax error: identifier 'string'
  (compiling source file 'main.cpp')
  
D:\Documents\School\Uni\EE273\Project\EE273-To-Do-Manager\TODO manager\TODO manager\task.h(29,2): error C2535: 'Task::Task(void)': member function already defined or declared
  (compiling source file 'main.cpp')
  D:\Documents\School\Uni\EE273\Project\EE273-To-Do-Manager\TODO manager\TODO manager\task.h(6,2):
  see declaration of 'Task::Task'
  
D:\Documents\School\Uni\EE273\Project\EE273-To-Do-Manager\TODO manager\TODO manager\task.h(33,9): error C3646: 'Name': unknown override specifier
  (compiling source file 'main.cpp')
  
D:\Documents\School\Uni\EE273\Project\EE273-To-Do-Manager\TODO manager\TODO manager\task.h(33,13): error C4430: missing type specifier - int assumed. Note: C++ does not support default-int
  (compiling source file 'main.cpp')
  
D:\Documents\School\Uni\EE273\Project\EE273-To-Do-Manager\TODO manager\TODO manager\task.h(34,9): error C3646: 'Note': unknown override specifier
  (compiling source file 'main.cpp')
  
D:\Documents\School\Uni\EE273\Project\EE273-To-Do-Manager\TODO manager\TODO manager\task.h(34,13): error C4430: missing type specifier - int assumed. Note: C++ does not support default-int
  (compiling source file 'main.cpp')
  
D:\Documents\School\Uni\EE273\Project\EE273-To-Do-Manager\TODO manager\TODO manager\task.h(37,9): error C3646: 'Location': unknown override specifier
  (compiling source file 'main.cpp')
  
D:\Documents\School\Uni\EE273\Project\EE273-To-Do-Manager\TODO manager\TODO manager\task.h(37,17): error C4430: missing type specifier - int assumed. Note: C++ does not support default-int
  (compiling source file 'main.cpp')
  
D:\Documents\School\Uni\EE273\Project\EE273-To-Do-Manager\TODO manager\TODO manager\task.h(38,9): error C3646: 'Subject': unknown override specifier
  (compiling source file 'main.cpp')
  
D:\Documents\School\Uni\EE273\Project\EE273-To-Do-Manager\TODO manager\TODO manager\task.h(38,16): error C4430: missing type specifier - int assumed. Note: C++ does not support default-int
  (compiling source file 'main.cpp')
  
D:\Documents\School\Uni\EE273\Project\EE273-To-Do-Manager\TODO manager\TODO manager\sort.h(13,7): error C2143: syntax error: missing ';' before '<'
  (compiling source file 'main.cpp')
  
D:\Documents\School\Uni\EE273\Project\EE273-To-Do-Manager\TODO manager\TODO manager\sort.h(13,7): error C4430: missing type specifier - int assumed. Note: C++ does not support default-int
  (compiling source file 'main.cpp')
  
D:\Documents\School\Uni\EE273\Project\EE273-To-Do-Manager\TODO manager\TODO manager\sort.h(13,7): error C2059: syntax error: '<'
  (compiling source file 'main.cpp')
  
D:\Documents\School\Uni\EE273\Project\EE273-To-Do-Manager\TODO manager\TODO manager\sort.h(14,7): error C2143: syntax error: missing ';' before '<'
  (compiling source file 'main.cpp')
  
D:\Documents\School\Uni\EE273\Project\EE273-To-Do-Manager\TODO manager\TODO manager\sort.h(14,7): error C4430: missing type specifier - int assumed. Note: C++ does not support default-int
  (compiling source file 'main.cpp')
  
D:\Documents\School\Uni\EE273\Project\EE273-To-Do-Manager\TODO manager\TODO manager\sort.h(14,1): error C2086: 'int vector': redefinition
  (compiling source file 'main.cpp')
  D:\Documents\School\Uni\EE273\Project\EE273-To-Do-Manager\TODO manager\TODO manager\sort.h(13,1):
  see declaration of 'vector'
  
D:\Documents\School\Uni\EE273\Project\EE273-To-Do-Manager\TODO manager\TODO manager\sort.h(14,7): error C2059: syntax error: '<'
  (compiling source file 'main.cpp')
  
D:\Documents\School\Uni\EE273\Project\EE273-To-Do-Manager\TODO manager\TODO manager\sort.h(15,7): error C2143: syntax error: missing ';' before '<'
  (compiling source file 'main.cpp')
  
D:\Documents\School\Uni\EE273\Project\EE273-To-Do-Manager\TODO manager\TODO manager\sort.h(15,7): error C4430: missing type specifier - int assumed. Note: C++ does not support default-int
  (compiling source file 'main.cpp')
  
D:\Documents\School\Uni\EE273\Project\EE273-To-Do-Manager\TODO manager\TODO manager\sort.h(15,1): error C2086: 'int vector': redefinition
  (compiling source file 'main.cpp')
  D:\Documents\School\Uni\EE273\Project\EE273-To-Do-Manager\TODO manager\TODO manager\sort.h(13,1):
  see declaration of 'vector'
  
D:\Documents\School\Uni\EE273\Project\EE273-To-Do-Manager\TODO manager\TODO manager\sort.h(15,7): error C2059: syntax error: '<'
  (compiling source file 'main.cpp')
  
D:\Documents\School\Uni\EE273\Project\EE273-To-Do-Manager\TODO manager\TODO manager\sort.h(16,7): error C2143: syntax error: missing ';' before '<'
  (compiling source file 'main.cpp')
  
D:\Documents\School\Uni\EE273\Project\EE273-To-Do-Manager\TODO manager\TODO manager\sort.h(16,7): error C4430: missing type specifier - int assumed. Note: C++ does not support default-int
  (compiling source file 'main.cpp')
  
D:\Documents\School\Uni\EE273\Project\EE273-To-Do-Manager\TODO manager\TODO manager\sort.h(16,1): error C2086: 'int vector': redefinition
  (compiling source file 'main.cpp')
  D:\Documents\School\Uni\EE273\Project\EE273-To-Do-Manager\TODO manager\TODO manager\sort.h(13,1):
  see declaration of 'vector'
  
D:\Documents\School\Uni\EE273\Project\EE273-To-Do-Manager\TODO manager\TODO manager\sort.h(16,7): error C2059: syntax error: '<'
  (compiling source file 'main.cpp')
  
D:\Documents\School\Uni\EE273\Project\EE273-To-Do-Manager\TODO manager\TODO manager\sort.h(17,7): error C2143: syntax error: missing ';' before '<'
  (compiling source file 'main.cpp')
  
D:\Documents\School\Uni\EE273\Project\EE273-To-Do-Manager\TODO manager\TODO manager\sort.h(17,7): error C4430: missing type specifier - int assumed. Note: C++ does not support default-int
  (compiling source file 'main.cpp')
  
D:\Documents\School\Uni\EE273\Project\EE273-To-Do-Manager\TODO manager\TODO manager\sort.h(17,1): error C2086: 'int vector': redefinition
  (compiling source file 'main.cpp')
  D:\Documents\School\Uni\EE273\Project\EE273-To-Do-Manager\TODO manager\TODO manager\sort.h(13,1):
  see declaration of 'vector'
  
D:\Documents\School\Uni\EE273\Project\EE273-To-Do-Manager\TODO manager\TODO manager\sort.h(17,7): error C2059: syntax error: '<'
  (compiling source file 'main.cpp')
  
  sort.cpp
D:\Documents\School\Uni\EE273\Project\EE273-To-Do-Manager\TODO manager\TODO manager\sort.h(7,18): error C2065: 'Task': undeclared identifier
  (compiling source file 'sort.cpp')
  
D:\Documents\School\Uni\EE273\Project\EE273-To-Do-Manager\TODO manager\TODO manager\sort.h(7,23): error C2146: syntax error: missing ')' before identifier 'prev'
  (compiling source file 'sort.cpp')
  
D:\Documents\School\Uni\EE273\Project\EE273-To-Do-Manager\TODO manager\TODO manager\sort.h(8,22): error C2065: 'Task': undeclared identifier
  (compiling source file 'sort.cpp')
  
D:\Documents\School\Uni\EE273\Project\EE273-To-Do-Manager\TODO manager\TODO manager\sort.h(8,27): error C2146: syntax error: missing ')' before identifier 'prev'
  (compiling source file 'sort.cpp')
  
D:\Documents\School\Uni\EE273\Project\EE273-To-Do-Manager\TODO manager\TODO manager\sort.h(9,22): error C2065: 'Task': undeclared identifier
  (compiling source file 'sort.cpp')
  
D:\Documents\School\Uni\EE273\Project\EE273-To-Do-Manager\TODO manager\TODO manager\sort.h(9,27): error C2146: syntax error: missing ')' before identifier 'prev'
  (compiling source file 'sort.cpp')
  
D:\Documents\School\Uni\EE273\Project\EE273-To-Do-Manager\TODO manager\TODO manager\sort.h(10,21): error C2065: 'Task': undeclared identifier
  (compiling source file 'sort.cpp')
  
D:\Documents\School\Uni\EE273\Project\EE273-To-Do-Manager\TODO manager\TODO manager\sort.h(10,26): error C2146: syntax error: missing ')' before identifier 'prev'
  (compiling source file 'sort.cpp')
  
D:\Documents\School\Uni\EE273\Project\EE273-To-Do-Manager\TODO manager\TODO manager\sort.h(11,20): error C2065: 'Task': undeclared identifier
  (compiling source file 'sort.cpp')
  
D:\Documents\School\Uni\EE273\Project\EE273-To-Do-Manager\TODO manager\TODO manager\sort.h(11,25): error C2146: syntax error: missing ')' before identifier 'prev'
  (compiling source file 'sort.cpp')
  
D:\Documents\School\Uni\EE273\Project\EE273-To-Do-Manager\TODO manager\TODO manager\sort.h(13,7): error C2143: syntax error: missing ';' before '<'
  (compiling source file 'sort.cpp')
  
D:\Documents\School\Uni\EE273\Project\EE273-To-Do-Manager\TODO manager\TODO manager\sort.h(13,7): error C4430: missing type specifier - int assumed. Note: C++ does not support default-int
  (compiling source file 'sort.cpp')
  
D:\Documents\School\Uni\EE273\Project\EE273-To-Do-Manager\TODO manager\TODO manager\sort.h(13,7): error C2059: syntax error: '<'
  (compiling source file 'sort.cpp')
  
D:\Documents\School\Uni\EE273\Project\EE273-To-Do-Manager\TODO manager\TODO manager\sort.h(14,7): error C2143: syntax error: missing ';' before '<'
  (compiling source file 'sort.cpp')
  
D:\Documents\School\Uni\EE273\Project\EE273-To-Do-Manager\TODO manager\TODO manager\sort.h(14,7): error C4430: missing type specifier - int assumed. Note: C++ does not support default-int
  (compiling source file 'sort.cpp')
  
D:\Documents\School\Uni\EE273\Project\EE273-To-Do-Manager\TODO manager\TODO manager\sort.h(14,1): error C2086: 'int vector': redefinition
  (compiling source file 'sort.cpp')
  D:\Documents\School\Uni\EE273\Project\EE273-To-Do-Manager\TODO manager\TODO manager\sort.h(13,1):
  see declaration of 'vector'
  
D:\Documents\School\Uni\EE273\Project\EE273-To-Do-Manager\TODO manager\TODO manager\sort.h(14,7): error C2059: syntax error: '<'
  (compiling source file 'sort.cpp')
  
D:\Documents\School\Uni\EE273\Project\EE273-To-Do-Manager\TODO manager\TODO manager\sort.h(15,7): error C2143: syntax error: missing ';' before '<'
  (compiling source file 'sort.cpp')
  
D:\Documents\School\Uni\EE273\Project\EE273-To-Do-Manager\TODO manager\TODO manager\sort.h(15,7): error C4430: missing type specifier - int assumed. Note: C++ does not support default-int
  (compiling source file 'sort.cpp')
  
D:\Documents\School\Uni\EE273\Project\EE273-To-Do-Manager\TODO manager\TODO manager\sort.h(15,1): error C2086: 'int vector': redefinition
  (compiling source file 'sort.cpp')
  D:\Documents\School\Uni\EE273\Project\EE273-To-Do-Manager\TODO manager\TODO manager\sort.h(13,1):
  see declaration of 'vector'
  
D:\Documents\School\Uni\EE273\Project\EE273-To-Do-Manager\TODO manager\TODO manager\sort.h(15,7): error C2059: syntax error: '<'
  (compiling source file 'sort.cpp')
  
D:\Documents\School\Uni\EE273\Project\EE273-To-Do-Manager\TODO manager\TODO manager\sort.h(16,7): error C2143: syntax error: missing ';' before '<'
  (compiling source file 'sort.cpp')
  
D:\Documents\School\Uni\EE273\Project\EE273-To-Do-Manager\TODO manager\TODO manager\sort.h(16,7): error C4430: missing type specifier - int assumed. Note: C++ does not support default-int
  (compiling source file 'sort.cpp')
  
D:\Documents\School\Uni\EE273\Project\EE273-To-Do-Manager\TODO manager\TODO manager\sort.h(16,1): error C2086: 'int vector': redefinition
  (compiling source file 'sort.cpp')
  D:\Documents\School\Uni\EE273\Project\EE273-To-Do-Manager\TODO manager\TODO manager\sort.h(13,1):
  see declaration of 'vector'
  
D:\Documents\School\Uni\EE273\Project\EE273-To-Do-Manager\TODO manager\TODO manager\sort.h(16,7): error C2059: syntax error: '<'
  (compiling source file 'sort.cpp')
  
D:\Documents\School\Uni\EE273\Project\EE273-To-Do-Manager\TODO manager\TODO manager\sort.h(17,7): error C2143: syntax error: missing ';' before '<'
  (compiling source file 'sort.cpp')
  
D:\Documents\School\Uni\EE273\Project\EE273-To-Do-Manager\TODO manager\TODO manager\sort.h(17,7): error C4430: missing type specifier - int assumed. Note: C++ does not support default-int
  (compiling source file 'sort.cpp')
  
D:\Documents\School\Uni\EE273\Project\EE273-To-Do-Manager\TODO manager\TODO manager\sort.h(17,1): error C2086: 'int vector': redefinition
  (compiling source file 'sort.cpp')
  D:\Documents\School\Uni\EE273\Project\EE273-To-Do-Manager\TODO manager\TODO manager\sort.h(13,1):
  see declaration of 'vector'
  
D:\Documents\School\Uni\EE273\Project\EE273-To-Do-Manager\TODO manager\TODO manager\sort.h(17,7): error C2059: syntax error: '<'
  (compiling source file 'sort.cpp')
  
D:\Documents\School\Uni\EE273\Project\EE273-To-Do-Manager\TODO manager\TODO manager\task.h(6,7): error C2061: syntax error: identifier 'string'
  (compiling source file 'sort.cpp')
  
D:\Documents\School\Uni\EE273\Project\EE273-To-Do-Manager\TODO manager\TODO manager\task.h(9,9): error C3646: 'getName': unknown override specifier
  (compiling source file 'sort.cpp')
  
D:\Documents\School\Uni\EE273\Project\EE273-To-Do-Manager\TODO manager\TODO manager\task.h(9,16): error C2059: syntax error: '('
  (compiling source file 'sort.cpp')
  
D:\Documents\School\Uni\EE273\Project\EE273-To-Do-Manager\TODO manager\TODO manager\task.h(9,18): error C2238: unexpected token(s) preceding ';'
  (compiling source file 'sort.cpp')
  
D:\Documents\School\Uni\EE273\Project\EE273-To-Do-Manager\TODO manager\TODO manager\task.h(10,9): error C3646: 'getNote': unknown override specifier
  (compiling source file 'sort.cpp')
  
D:\Documents\School\Uni\EE273\Project\EE273-To-Do-Manager\TODO manager\TODO manager\task.h(10,16): error C2059: syntax error: '('
  (compiling source file 'sort.cpp')
  
D:\Documents\School\Uni\EE273\Project\EE273-To-Do-Manager\TODO manager\TODO manager\task.h(10,18): error C2238: unexpected token(s) preceding ';'
  (compiling source file 'sort.cpp')
  
D:\Documents\School\Uni\EE273\Project\EE273-To-Do-Manager\TODO manager\TODO manager\task.h(13,9): error C3646: 'getLocation': unknown override specifier
  (compiling source file 'sort.cpp')
  
D:\Documents\School\Uni\EE273\Project\EE273-To-Do-Manager\TODO manager\TODO manager\task.h(13,20): error C2059: syntax error: '('
  (compiling source file 'sort.cpp')
  
D:\Documents\School\Uni\EE273\Project\EE273-To-Do-Manager\TODO manager\TODO manager\task.h(13,22): error C2238: unexpected token(s) preceding ';'
  (compiling source file 'sort.cpp')
  
D:\Documents\School\Uni\EE273\Project\EE273-To-Do-Manager\TODO manager\TODO manager\task.h(14,9): error C3646: 'getSubject': unknown override specifier
  (compiling source file 'sort.cpp')
  
D:\Documents\School\Uni\EE273\Project\EE273-To-Do-Manager\TODO manager\TODO manager\task.h(14,19): error C2059: syntax error: '('
  (compiling source file 'sort.cpp')
  
D:\Documents\School\Uni\EE273\Project\EE273-To-Do-Manager\TODO manager\TODO manager\task.h(14,21): error C2238: unexpected token(s) preceding ';'
  (compiling source file 'sort.cpp')
  
D:\Documents\School\Uni\EE273\Project\EE273-To-Do-Manager\TODO manager\TODO manager\task.h(18,9): error C3646: 'setName': unknown override specifier
  (compiling source file 'sort.cpp')
  
D:\Documents\School\Uni\EE273\Project\EE273-To-Do-Manager\TODO manager\TODO manager\task.h(18,16): error C2059: syntax error: '('
  (compiling source file 'sort.cpp')
  
D:\Documents\School\Uni\EE273\Project\EE273-To-Do-Manager\TODO manager\TODO manager\task.h(18,29): error C2238: unexpected token(s) preceding ';'
  (compiling source file 'sort.cpp')
  
D:\Documents\School\Uni\EE273\Project\EE273-To-Do-Manager\TODO manager\TODO manager\task.h(19,9): error C3646: 'setNote': unknown override specifier
  (compiling source file 'sort.cpp')
  
D:\Documents\School\Uni\EE273\Project\EE273-To-Do-Manager\TODO manager\TODO manager\task.h(19,16): error C2059: syntax error: '('
  (compiling source file 'sort.cpp')
  
D:\Documents\School\Uni\EE273\Project\EE273-To-Do-Manager\TODO manager\TODO manager\task.h(19,29): error C2238: unexpected token(s) preceding ';'
  (compiling source file 'sort.cpp')
  
D:\Documents\School\Uni\EE273\Project\EE273-To-Do-Manager\TODO manager\TODO manager\task.h(22,9): error C3646: 'setLocation': unknown override specifier
  (compiling source file 'sort.cpp')
  
D:\Documents\School\Uni\EE273\Project\EE273-To-Do-Manager\TODO manager\TODO manager\task.h(22,20): error C2059: syntax error: '('
  (compiling source file 'sort.cpp')
  
D:\Documents\School\Uni\EE273\Project\EE273-To-Do-Manager\TODO manager\TODO manager\task.h(22,37): error C2238: unexpected token(s) preceding ';'
  (compiling source file 'sort.cpp')
  
D:\Documents\School\Uni\EE273\Project\EE273-To-Do-Manager\TODO manager\TODO manager\task.h(23,9): error C3646: 'setSubject': unknown override specifier
  (compiling source file 'sort.cpp')
  
D:\Documents\School\Uni\EE273\Project\EE273-To-Do-Manager\TODO manager\TODO manager\task.h(23,19): error C2059: syntax error: '('
  (compiling source file 'sort.cpp')
  
D:\Documents\School\Uni\EE273\Project\EE273-To-Do-Manager\TODO manager\TODO manager\task.h(23,35): error C2238: unexpected token(s) preceding ';'
  (compiling source file 'sort.cpp')
  
D:\Documents\School\Uni\EE273\Project\EE273-To-Do-Manager\TODO manager\TODO manager\task.h(28,2): error C2535: 'Task::Task(void)': member function already defined or declared
  (compiling source file 'sort.cpp')
  D:\Documents\School\Uni\EE273\Project\EE273-To-Do-Manager\TODO manager\TODO manager\task.h(6,2):
  see declaration of 'Task::Task'
  
D:\Documents\School\Uni\EE273\Project\EE273-To-Do-Manager\TODO manager\TODO manager\task.h(29,7): error C2061: syntax error: identifier 'string'
  (compiling source file 'sort.cpp')
  
D:\Documents\School\Uni\EE273\Project\EE273-To-Do-Manager\TODO manager\TODO manager\task.h(29,2): error C2535: 'Task::Task(void)': member function already defined or declared
  (compiling source file 'sort.cpp')
  D:\Documents\School\Uni\EE273\Project\EE273-To-Do-Manager\TODO manager\TODO manager\task.h(6,2):
  see declaration of 'Task::Task'
  
D:\Documents\School\Uni\EE273\Project\EE273-To-Do-Manager\TODO manager\TODO manager\task.h(33,9): error C3646: 'Name': unknown override specifier
  (compiling source file 'sort.cpp')
  
D:\Documents\School\Uni\EE273\Project\EE273-To-Do-Manager\TODO manager\TODO manager\task.h(33,13): error C4430: missing type specifier - int assumed. Note: C++ does not support default-int
  (compiling source file 'sort.cpp')
  
D:\Documents\School\Uni\EE273\Project\EE273-To-Do-Manager\TODO manager\TODO manager\task.h(34,9): error C3646: 'Note': unknown override specifier
  (compiling source file 'sort.cpp')
  
D:\Documents\School\Uni\EE273\Project\EE273-To-Do-Manager\TODO manager\TODO manager\task.h(34,13): error C4430: missing type specifier - int assumed. Note: C++ does not support default-int
  (compiling source file 'sort.cpp')
  
D:\Documents\School\Uni\EE273\Project\EE273-To-Do-Manager\TODO manager\TODO manager\task.h(37,9): error C3646: 'Location': unknown override specifier
  (compiling source file 'sort.cpp')
  
D:\Documents\School\Uni\EE273\Project\EE273-To-Do-Manager\TODO manager\TODO manager\task.h(37,17): error C4430: missing type specifier - int assumed. Note: C++ does not support default-int
  (compiling source file 'sort.cpp')
  
D:\Documents\School\Uni\EE273\Project\EE273-To-Do-Manager\TODO manager\TODO manager\task.h(38,9): error C3646: 'Subject': unknown override specifier
  (compiling source file 'sort.cpp')
  
D:\Documents\School\Uni\EE273\Project\EE273-To-Do-Manager\TODO manager\TODO manager\task.h(38,16): error C4430: missing type specifier - int assumed. Note: C++ does not support default-int
  (compiling source file 'sort.cpp')
  
D:\Documents\School\Uni\EE273\Project\EE273-To-Do-Manager\TODO manager\TODO manager\sort.cpp(13,6): error C2365: 'compareName': redefinition; previous definition was 'data variable'
  D:\Documents\School\Uni\EE273\Project\EE273-To-Do-Manager\TODO manager\TODO manager\sort.h(7,6):
  see declaration of 'compareName'
  
D:\Documents\School\Uni\EE273\Project\EE273-To-Do-Manager\TODO manager\TODO manager\sort.cpp(16,6): error C2365: 'compareDeadline': redefinition; previous definition was 'data variable'
  D:\Documents\School\Uni\EE273\Project\EE273-To-Do-Manager\TODO manager\TODO manager\sort.h(8,6):
  see declaration of 'compareDeadline'
  
D:\Documents\School\Uni\EE273\Project\EE273-To-Do-Manager\TODO manager\TODO manager\sort.cpp(19,6): error C2365: 'compareLocation': redefinition; previous definition was 'data variable'
  D:\Documents\School\Uni\EE273\Project\EE273-To-Do-Manager\TODO manager\TODO manager\sort.h(9,6):
  see declaration of 'compareLocation'
  
D:\Documents\School\Uni\EE273\Project\EE273-To-Do-Manager\TODO manager\TODO manager\sort.cpp(22,6): error C2365: 'compareSubject': redefinition; previous definition was 'data variable'
  D:\Documents\School\Uni\EE273\Project\EE273-To-Do-Manager\TODO manager\TODO manager\sort.h(10,6):
  see declaration of 'compareSubject'
  
D:\Documents\School\Uni\EE273\Project\EE273-To-Do-Manager\TODO manager\TODO manager\sort.cpp(25,6): error C2365: 'compareUrgent': redefinition; previous definition was 'data variable'
  D:\Documents\School\Uni\EE273\Project\EE273-To-Do-Manager\TODO manager\TODO manager\sort.h(11,6):
  see declaration of 'compareUrgent'
  
D:\Documents\School\Uni\EE273\Project\EE273-To-Do-Manager\TODO manager\TODO manager\sort.cpp(29,1): error C2872: 'vector': ambiguous symbol
  D:\Documents\School\Uni\EE273\Project\EE273-To-Do-Manager\TODO manager\TODO manager\sort.h(13,1):
  could be 'int vector'
  D:\Program Files\Microsoft Visual Studio\2022\Community\VC\Tools\MSVC\14.39.33519\include\vector(436,7):
  or       'std::vector'
  
D:\Documents\School\Uni\EE273\Project\EE273-To-Do-Manager\TODO manager\TODO manager\sort.cpp(29,7): error C2143: syntax error: missing ';' before '<'
D:\Documents\School\Uni\EE273\Project\EE273-To-Do-Manager\TODO manager\TODO manager\sort.cpp(29,7): error C4430: missing type specifier - int assumed. Note: C++ does not support default-int
D:\Documents\School\Uni\EE273\Project\EE273-To-Do-Manager\TODO manager\TODO manager\sort.cpp(29,1): error C2086: 'int vector': redefinition
  D:\Documents\School\Uni\EE273\Project\EE273-To-Do-Manager\TODO manager\TODO manager\sort.h(13,1):
  see declaration of 'vector'
  
D:\Documents\School\Uni\EE273\Project\EE273-To-Do-Manager\TODO manager\TODO manager\sort.cpp(29,7): error C2059: syntax error: '<'
D:\Documents\School\Uni\EE273\Project\EE273-To-Do-Manager\TODO manager\TODO manager\sort.cpp(29,26): error C2872: 'vector': ambiguous symbol
  D:\Documents\School\Uni\EE273\Project\EE273-To-Do-Manager\TODO manager\TODO manager\sort.h(13,1):
  could be 'int vector'
  D:\Program Files\Microsoft Visual Studio\2022\Community\VC\Tools\MSVC\14.39.33519\include\vector(436,7):
  or       'std::vector'
  
D:\Documents\School\Uni\EE273\Project\EE273-To-Do-Manager\TODO manager\TODO manager\sort.cpp(29,45): error C2143: syntax error: missing ';' before '{'
D:\Documents\School\Uni\EE273\Project\EE273-To-Do-Manager\TODO manager\TODO manager\sort.cpp(29,45): error C2447: '{': missing function header (old-style formal list?)
D:\Documents\School\Uni\EE273\Project\EE273-To-Do-Manager\TODO manager\TODO manager\sort.cpp(32,1): error C2872: 'vector': ambiguous symbol
  D:\Documents\School\Uni\EE273\Project\EE273-To-Do-Manager\TODO manager\TODO manager\sort.h(13,1):
  could be 'int vector'
  D:\Program Files\Microsoft Visual Studio\2022\Community\VC\Tools\MSVC\14.39.33519\include\vector(436,7):
  or       'std::vector'
  
D:\Documents\School\Uni\EE273\Project\EE273-To-Do-Manager\TODO manager\TODO manager\sort.cpp(32,7): error C2143: syntax error: missing ';' before '<'
D:\Documents\School\Uni\EE273\Project\EE273-To-Do-Manager\TODO manager\TODO manager\sort.cpp(32,7): error C4430: missing type specifier - int assumed. Note: C++ does not support default-int
D:\Documents\School\Uni\EE273\Project\EE273-To-Do-Manager\TODO manager\TODO manager\sort.cpp(32,1): error C2086: 'int vector': redefinition
  D:\Documents\School\Uni\EE273\Project\EE273-To-Do-Manager\TODO manager\TODO manager\sort.h(13,1):
  see declaration of 'vector'
  
D:\Documents\School\Uni\EE273\Project\EE273-To-Do-Manager\TODO manager\TODO manager\sort.cpp(32,7): error C2059: syntax error: '<'
D:\Documents\School\Uni\EE273\Project\EE273-To-Do-Manager\TODO manager\TODO manager\sort.cpp(32,30): error C2872: 'vector': ambiguous symbol
  D:\Documents\School\Uni\EE273\Project\EE273-To-Do-Manager\TODO manager\TODO manager\sort.h(13,1):
  could be 'int vector'
  D:\Program Files\Microsoft Visual Studio\2022\Community\VC\Tools\MSVC\14.39.33519\include\vector(436,7):
  or       'std::vector'
  
D:\Documents\School\Uni\EE273\Project\EE273-To-Do-Manager\TODO manager\TODO manager\sort.cpp(32,49): error C2143: syntax error: missing ';' before '{'
D:\Documents\School\Uni\EE273\Project\EE273-To-Do-Manager\TODO manager\TODO manager\sort.cpp(32,49): error C2447: '{': missing function header (old-style formal list?)
D:\Documents\School\Uni\EE273\Project\EE273-To-Do-Manager\TODO manager\TODO manager\sort.cpp(35,1): error C2872: 'vector': ambiguous symbol
  D:\Documents\School\Uni\EE273\Project\EE273-To-Do-Manager\TODO manager\TODO manager\sort.h(13,1):
  could be 'int vector'
  D:\Program Files\Microsoft Visual Studio\2022\Community\VC\Tools\MSVC\14.39.33519\include\vector(436,7):
  or       'std::vector'
  
D:\Documents\School\Uni\EE273\Project\EE273-To-Do-Manager\TODO manager\TODO manager\sort.cpp(35,7): error C2143: syntax error: missing ';' before '<'
D:\Documents\School\Uni\EE273\Project\EE273-To-Do-Manager\TODO manager\TODO manager\sort.cpp(35,7): error C4430: missing type specifier - int assumed. Note: C++ does not support default-int
D:\Documents\School\Uni\EE273\Project\EE273-To-Do-Manager\TODO manager\TODO manager\sort.cpp(35,1): error C2086: 'int vector': redefinition
  D:\Documents\School\Uni\EE273\Project\EE273-To-Do-Manager\TODO manager\TODO manager\sort.h(13,1):
  see declaration of 'vector'
  
D:\Documents\School\Uni\EE273\Project\EE273-To-Do-Manager\TODO manager\TODO manager\sort.cpp(35,7): error C2059: syntax error: '<'
D:\Documents\School\Uni\EE273\Project\EE273-To-Do-Manager\TODO manager\TODO manager\sort.cpp(35,30): error C2872: 'vector': ambiguous symbol
  D:\Documents\School\Uni\EE273\Project\EE273-To-Do-Manager\TODO manager\TODO manager\sort.h(13,1):
  could be 'int vector'
  D:\Program Files\Microsoft Visual Studio\2022\Community\VC\Tools\MSVC\14.39.33519\include\vector(436,7):
  or       'std::vector'
  
D:\Documents\School\Uni\EE273\Project\EE273-To-Do-Manager\TODO manager\TODO manager\sort.cpp(35,49): error C2143: syntax error: missing ';' before '{'
D:\Documents\School\Uni\EE273\Project\EE273-To-Do-Manager\TODO manager\TODO manager\sort.cpp(35,49): error C2447: '{': missing function header (old-style formal list?)
D:\Documents\School\Uni\EE273\Project\EE273-To-Do-Manager\TODO manager\TODO manager\sort.cpp(38,1): error C2872: 'vector': ambiguous symbol
  D:\Documents\School\Uni\EE273\Project\EE273-To-Do-Manager\TODO manager\TODO manager\sort.h(13,1):
  could be 'int vector'
  D:\Program Files\Microsoft Visual Studio\2022\Community\VC\Tools\MSVC\14.39.33519\include\vector(436,7):
  or       'std::vector'
  
D:\Documents\School\Uni\EE273\Project\EE273-To-Do-Manager\TODO manager\TODO manager\sort.cpp(38,7): error C2143: syntax error: missing ';' before '<'
D:\Documents\School\Uni\EE273\Project\EE273-To-Do-Manager\TODO manager\TODO manager\sort.cpp(38,7): error C4430: missing type specifier - int assumed. Note: C++ does not support default-int
D:\Documents\School\Uni\EE273\Project\EE273-To-Do-Manager\TODO manager\TODO manager\sort.cpp(38,1): error C2086: 'int vector': redefinition
  D:\Documents\School\Uni\EE273\Project\EE273-To-Do-Manager\TODO manager\TODO manager\sort.h(13,1):
  see declaration of 'vector'
  
D:\Documents\School\Uni\EE273\Project\EE273-To-Do-Manager\TODO manager\TODO manager\sort.cpp(38,7): error C2059: syntax error: '<'
D:\Documents\School\Uni\EE273\Project\EE273-To-Do-Manager\TODO manager\TODO manager\sort.cpp(38,29): error C2872: 'vector': ambiguous symbol
  D:\Documents\School\Uni\EE273\Project\EE273-To-Do-Manager\TODO manager\TODO manager\sort.h(13,1):
  could be 'int vector'
  D:\Program Files\Microsoft Visual Studio\2022\Community\VC\Tools\MSVC\14.39.33519\include\vector(436,7):
  or       'std::vector'
  
D:\Documents\School\Uni\EE273\Project\EE273-To-Do-Manager\TODO manager\TODO manager\sort.cpp(38,29): error C1003: error count exceeds 100; stopping compilation
  task.cpp
D:\Documents\School\Uni\EE273\Project\EE273-To-Do-Manager\TODO manager\TODO manager\task.h(6,7): error C2061: syntax error: identifier 'string'
  (compiling source file 'task.cpp')
  
D:\Documents\School\Uni\EE273\Project\EE273-To-Do-Manager\TODO manager\TODO manager\task.h(9,9): error C3646: 'getName': unknown override specifier
  (compiling source file 'task.cpp')
  
D:\Documents\School\Uni\EE273\Project\EE273-To-Do-Manager\TODO manager\TODO manager\task.h(9,16): error C2059: syntax error: '('
  (compiling source file 'task.cpp')
  
D:\Documents\School\Uni\EE273\Project\EE273-To-Do-Manager\TODO manager\TODO manager\task.h(9,18): error C2238: unexpected token(s) preceding ';'
  (compiling source file 'task.cpp')
  
D:\Documents\School\Uni\EE273\Project\EE273-To-Do-Manager\TODO manager\TODO manager\task.h(10,9): error C3646: 'getNote': unknown override specifier
  (compiling source file 'task.cpp')
  
D:\Documents\School\Uni\EE273\Project\EE273-To-Do-Manager\TODO manager\TODO manager\task.h(10,16): error C2059: syntax error: '('
  (compiling source file 'task.cpp')
  
D:\Documents\School\Uni\EE273\Project\EE273-To-Do-Manager\TODO manager\TODO manager\task.h(10,18): error C2238: unexpected token(s) preceding ';'
  (compiling source file 'task.cpp')
  
D:\Documents\School\Uni\EE273\Project\EE273-To-Do-Manager\TODO manager\TODO manager\task.h(13,9): error C3646: 'getLocation': unknown override specifier
  (compiling source file 'task.cpp')
  
D:\Documents\School\Uni\EE273\Project\EE273-To-Do-Manager\TODO manager\TODO manager\task.h(13,20): error C2059: syntax error: '('
  (compiling source file 'task.cpp')
  
D:\Documents\School\Uni\EE273\Project\EE273-To-Do-Manager\TODO manager\TODO manager\task.h(13,22): error C2238: unexpected token(s) preceding ';'
  (compiling source file 'task.cpp')
  
D:\Documents\School\Uni\EE273\Project\EE273-To-Do-Manager\TODO manager\TODO manager\task.h(14,9): error C3646: 'getSubject': unknown override specifier
  (compiling source file 'task.cpp')
  
D:\Documents\School\Uni\EE273\Project\EE273-To-Do-Manager\TODO manager\TODO manager\task.h(14,19): error C2059: syntax error: '('
  (compiling source file 'task.cpp')
  
D:\Documents\School\Uni\EE273\Project\EE273-To-Do-Manager\TODO manager\TODO manager\task.h(14,21): error C2238: unexpected token(s) preceding ';'
  (compiling source file 'task.cpp')
  
D:\Documents\School\Uni\EE273\Project\EE273-To-Do-Manager\TODO manager\TODO manager\task.h(18,9): error C3646: 'setName': unknown override specifier
  (compiling source file 'task.cpp')
  
D:\Documents\School\Uni\EE273\Project\EE273-To-Do-Manager\TODO manager\TODO manager\task.h(18,16): error C2059: syntax error: '('
  (compiling source file 'task.cpp')
  
D:\Documents\School\Uni\EE273\Project\EE273-To-Do-Manager\TODO manager\TODO manager\task.h(18,29): error C2238: unexpected token(s) preceding ';'
  (compiling source file 'task.cpp')
  
D:\Documents\School\Uni\EE273\Project\EE273-To-Do-Manager\TODO manager\TODO manager\task.h(19,9): error C3646: 'setNote': unknown override specifier
  (compiling source file 'task.cpp')
  
D:\Documents\School\Uni\EE273\Project\EE273-To-Do-Manager\TODO manager\TODO manager\task.h(19,16): error C2059: syntax error: '('
  (compiling source file 'task.cpp')
  
D:\Documents\School\Uni\EE273\Project\EE273-To-Do-Manager\TODO manager\TODO manager\task.h(19,29): error C2238: unexpected token(s) preceding ';'
  (compiling source file 'task.cpp')
  
D:\Documents\School\Uni\EE273\Project\EE273-To-Do-Manager\TODO manager\TODO manager\task.h(22,9): error C3646: 'setLocation': unknown override specifier
  (compiling source file 'task.cpp')
  
D:\Documents\School\Uni\EE273\Project\EE273-To-Do-Manager\TODO manager\TODO manager\task.h(22,20): error C2059: syntax error: '('
  (compiling source file 'task.cpp')
  
D:\Documents\School\Uni\EE273\Project\EE273-To-Do-Manager\TODO manager\TODO manager\task.h(22,37): error C2238: unexpected token(s) preceding ';'
  (compiling source file 'task.cpp')
  
D:\Documents\School\Uni\EE273\Project\EE273-To-Do-Manager\TODO manager\TODO manager\task.h(23,9): error C3646: 'setSubject': unknown override specifier
  (compiling source file 'task.cpp')
  
D:\Documents\School\Uni\EE273\Project\EE273-To-Do-Manager\TODO manager\TODO manager\task.h(23,19): error C2059: syntax error: '('
  (compiling source file 'task.cpp')
  
D:\Documents\School\Uni\EE273\Project\EE273-To-Do-Manager\TODO manager\TODO manager\task.h(23,35): error C2238: unexpected token(s) preceding ';'
  (compiling source file 'task.cpp')
  
D:\Documents\School\Uni\EE273\Project\EE273-To-Do-Manager\TODO manager\TODO manager\task.h(28,2): error C2535: 'Task::Task(void)': member function already defined or declared
  (compiling source file 'task.cpp')
  D:\Documents\School\Uni\EE273\Project\EE273-To-Do-Manager\TODO manager\TODO manager\task.h(6,2):
  see declaration of 'Task::Task'
  
D:\Documents\School\Uni\EE273\Project\EE273-To-Do-Manager\TODO manager\TODO manager\task.h(29,7): error C2061: syntax error: identifier 'string'
  (compiling source file 'task.cpp')
  
D:\Documents\School\Uni\EE273\Project\EE273-To-Do-Manager\TODO manager\TODO manager\task.h(29,2): error C2535: 'Task::Task(void)': member function already defined or declared
  (compiling source file 'task.cpp')
  D:\Documents\School\Uni\EE273\Project\EE273-To-Do-Manager\TODO manager\TODO manager\task.h(6,2):
  see declaration of 'Task::Task'
  
D:\Documents\School\Uni\EE273\Project\EE273-To-Do-Manager\TODO manager\TODO manager\task.h(33,9): error C3646: 'Name': unknown override specifier
  (compiling source file 'task.cpp')
  
D:\Documents\School\Uni\EE273\Project\EE273-To-Do-Manager\TODO manager\TODO manager\task.h(33,13): error C4430: missing type specifier - int assumed. Note: C++ does not support default-int
  (compiling source file 'task.cpp')
  
D:\Documents\School\Uni\EE273\Project\EE273-To-Do-Manager\TODO manager\TODO manager\task.h(34,9): error C3646: 'Note': unknown override specifier
  (compiling source file 'task.cpp')
  
D:\Documents\School\Uni\EE273\Project\EE273-To-Do-Manager\TODO manager\TODO manager\task.h(34,13): error C4430: missing type specifier - int assumed. Note: C++ does not support default-int
  (compiling source file 'task.cpp')
  
D:\Documents\School\Uni\EE273\Project\EE273-To-Do-Manager\TODO manager\TODO manager\task.h(37,9): error C3646: 'Location': unknown override specifier
  (compiling source file 'task.cpp')
  
D:\Documents\School\Uni\EE273\Project\EE273-To-Do-Manager\TODO manager\TODO manager\task.h(37,17): error C4430: missing type specifier - int assumed. Note: C++ does not support default-int
  (compiling source file 'task.cpp')
  
D:\Documents\School\Uni\EE273\Project\EE273-To-Do-Manager\TODO manager\TODO manager\task.h(38,9): error C3646: 'Subject': unknown override specifier
  (compiling source file 'task.cpp')
  
D:\Documents\School\Uni\EE273\Project\EE273-To-Do-Manager\TODO manager\TODO manager\task.h(38,16): error C4430: missing type specifier - int assumed. Note: C++ does not support default-int
  (compiling source file 'task.cpp')
  
D:\Documents\School\Uni\EE273\Project\EE273-To-Do-Manager\TODO manager\TODO manager\task.cpp(7,7): error C2511: 'Task::Task(std::string,std::string,int,int,std::string,std::string,bool)': overloaded member function not found in 'Task'
  D:\Documents\School\Uni\EE273\Project\EE273-To-Do-Manager\TODO manager\TODO manager\task.h(3,7):
  see declaration of 'Task'
  
D:\Documents\School\Uni\EE273\Project\EE273-To-Do-Manager\TODO manager\TODO manager\task.cpp(8,2): error C2671: 'Task::{ctor}': static member functions do not have 'this' pointers
D:\Documents\School\Uni\EE273\Project\EE273-To-Do-Manager\TODO manager\TODO manager\task.cpp(9,2): error C2671: 'Task::{ctor}': static member functions do not have 'this' pointers
D:\Documents\School\Uni\EE273\Project\EE273-To-Do-Manager\TODO manager\TODO manager\task.cpp(10,2): error C2671: 'Task::{ctor}': static member functions do not have 'this' pointers
D:\Documents\School\Uni\EE273\Project\EE273-To-Do-Manager\TODO manager\TODO manager\task.cpp(11,2): error C2671: 'Task::{ctor}': static member functions do not have 'this' pointers
D:\Documents\School\Uni\EE273\Project\EE273-To-Do-Manager\TODO manager\TODO manager\task.cpp(12,2): error C2671: 'Task::{ctor}': static member functions do not have 'this' pointers
D:\Documents\School\Uni\EE273\Project\EE273-To-Do-Manager\TODO manager\TODO manager\task.cpp(13,2): error C2671: 'Task::{ctor}': static member functions do not have 'this' pointers
D:\Documents\School\Uni\EE273\Project\EE273-To-Do-Manager\TODO manager\TODO manager\task.cpp(14,2): error C2671: 'Task::{ctor}': static member functions do not have 'this' pointers
D:\Documents\School\Uni\EE273\Project\EE273-To-Do-Manager\TODO manager\TODO manager\task.cpp(17,14): error C2039: 'getName': is not a member of 'Task'
  D:\Documents\School\Uni\EE273\Project\EE273-To-Do-Manager\TODO manager\TODO manager\task.h(3,7):
  see declaration of 'Task'
  
D:\Documents\School\Uni\EE273\Project\EE273-To-Do-Manager\TODO manager\TODO manager\task.cpp(18,9): error C2065: 'Name': undeclared identifier
D:\Documents\School\Uni\EE273\Project\EE273-To-Do-Manager\TODO manager\TODO manager\task.cpp(20,14): error C2039: 'getNote': is not a member of 'Task'
  D:\Documents\School\Uni\EE273\Project\EE273-To-Do-Manager\TODO manager\TODO manager\task.h(3,7):
  see declaration of 'Task'
  
D:\Documents\School\Uni\EE273\Project\EE273-To-Do-Manager\TODO manager\TODO manager\task.cpp(21,9): error C2065: 'Note': undeclared identifier
D:\Documents\School\Uni\EE273\Project\EE273-To-Do-Manager\TODO manager\TODO manager\task.cpp(29,14): error C2039: 'getLocation': is not a member of 'Task'
  D:\Documents\School\Uni\EE273\Project\EE273-To-Do-Manager\TODO manager\TODO manager\task.h(3,7):
  see declaration of 'Task'
  
D:\Documents\School\Uni\EE273\Project\EE273-To-Do-Manager\TODO manager\TODO manager\task.cpp(30,9): error C2065: 'Location': undeclared identifier
D:\Documents\School\Uni\EE273\Project\EE273-To-Do-Manager\TODO manager\TODO manager\task.cpp(32,14): error C2039: 'getSubject': is not a member of 'Task'
  D:\Documents\School\Uni\EE273\Project\EE273-To-Do-Manager\TODO manager\TODO manager\task.h(3,7):
  see declaration of 'Task'
  
D:\Documents\School\Uni\EE273\Project\EE273-To-Do-Manager\TODO manager\TODO manager\task.cpp(33,9): error C2065: 'Subject': undeclared identifier
D:\Documents\School\Uni\EE273\Project\EE273-To-Do-Manager\TODO manager\TODO manager\task.cpp(39,14): error C2039: 'setName': is not a member of 'Task'
  D:\Documents\School\Uni\EE273\Project\EE273-To-Do-Manager\TODO manager\TODO manager\task.h(3,7):
  see declaration of 'Task'
  
D:\Documents\School\Uni\EE273\Project\EE273-To-Do-Manager\TODO manager\TODO manager\task.cpp(40,2): error C2355: 'this': can only be referenced inside non-static member functions or non-static data member initializers
D:\Documents\School\Uni\EE273\Project\EE273-To-Do-Manager\TODO manager\TODO manager\task.cpp(42,14): error C2039: 'setNote': is not a member of 'Task'
  D:\Documents\School\Uni\EE273\Project\EE273-To-Do-Manager\TODO manager\TODO manager\task.h(3,7):
  see declaration of 'Task'
  
D:\Documents\School\Uni\EE273\Project\EE273-To-Do-Manager\TODO manager\TODO manager\task.cpp(43,2): error C2355: 'this': can only be referenced inside non-static member functions or non-static data member initializers
D:\Documents\School\Uni\EE273\Project\EE273-To-Do-Manager\TODO manager\TODO manager\task.cpp(51,14): error C2039: 'setLocation': is not a member of 'Task'
  D:\Documents\School\Uni\EE273\Project\EE273-To-Do-Manager\TODO manager\TODO manager\task.h(3,7):
  see declaration of 'Task'
  
D:\Documents\School\Uni\EE273\Project\EE273-To-Do-Manager\TODO manager\TODO manager\task.cpp(52,2): error C2355: 'this': can only be referenced inside non-static member functions or non-static data member initializers
D:\Documents\School\Uni\EE273\Project\EE273-To-Do-Manager\TODO manager\TODO manager\task.cpp(54,14): error C2039: 'setSubject': is not a member of 'Task'
  D:\Documents\School\Uni\EE273\Project\EE273-To-Do-Manager\TODO manager\TODO manager\task.h(3,7):
  see declaration of 'Task'
  
D:\Documents\School\Uni\EE273\Project\EE273-To-Do-Manager\TODO manager\TODO manager\task.cpp(55,2): error C2355: 'this': can only be referenced inside non-static member functions or non-static data member initializers
  Generating Code...
